<?xml version="1.0" encoding="UTF-8"?>
<!-- Generated by org.testng.reporters.JUnitXMLReporter -->
<testsuite hostname="DESKTOP-GDISGSQ" ignored="4" name="chrome-1" tests="3" failures="0" timestamp="2023-01-11T12:40:09 IST" time="129.213" errors="0">
  <testcase name="CreatEmpHead" time="53.958" classname="Practice_Package.SampleEmp_HeadTestNg_05"/>
  <testcase name="createAdmin" time="7.869" classname="Practice_Package.SampleAdminTestNg_02"/>
  <testcase name="createBranch" time="5.655" classname="Practice_Package.SampleBranchTestNg_01"/>
  <testcase name="@BeforeSuite configDB" time="0.0" classname="com.hrm.genriUtility.Base_Head_Class">
    <ignored/>
  </testcase> <!-- @BeforeSuite configDB -->
  <testcase name="@BeforeSuite configDB" time="0.0" classname="com.hrm.genriUtility.Base_Head_Class">
    <ignored/>
  </testcase> <!-- @BeforeSuite configDB -->
  <testcase name="@AfterSuite disconnectDB" time="0.0" classname="com.hrm.genriUtility.Base_Head_Class">
    <ignored/>
  </testcase> <!-- @AfterSuite disconnectDB -->
  <testcase name="@AfterSuite disconnectDB" time="0.0" classname="com.hrm.genriUtility.Base_Head_Class">
    <ignored/>
  </testcase> <!-- @AfterSuite disconnectDB -->
</testsuite> <!-- chrome-1 -->
