<?xml version="1.0" encoding="UTF-8"?>
<!-- Generated by org.testng.reporters.JUnitXMLReporter -->
<testsuite hostname="DESKTOP-GDISGSQ" ignored="0" name="chrome-2" tests="3" failures="0" timestamp="2023-01-11T12:40:38 IST" time="157.562" errors="0">
  <testcase name="createEmpOfficer" time="51.996" classname="Practice_Package.SampleEmp_OffTestNg_03"/>
  <testcase name="createEmpAssistant" time="41.939" classname="Practice_Package.SampleEmpAssTestNg_04"/>
  <testcase name="createCorporate" time="2.387" classname="Practice_Package.SampleCorpTestNg_06"/>
</testsuite> <!-- chrome-2 -->
