<?xml version="1.0" encoding="UTF-8"?>
<!-- Generated by org.testng.reporters.JUnitXMLReporter -->
<testsuite hostname="DESKTOP-GDISGSQ" ignored="0" name="chrome" tests="1" failures="0" timestamp="2023-01-12T12:57:04 IST" time="0.173" errors="0">
  <testcase name="@BeforeClass configBC" time="0.094" classname="com.hrm.genriUtility.Base_Head_Class">
    <failure type="java.lang.IllegalStateException" message="The path to the driver executable must be set by the webdriver.edge.driver system property; for more information, see https://github.com/SeleniumHQ/selenium/wiki/MicrosoftWebDriver. The latest version can be downloaded from http://go.microsoft.com/fwlink/?LinkId=619687">
      <![CDATA[java.lang.IllegalStateException: The path to the driver executable must be set by the webdriver.edge.driver system property; for more information, see https://github.com/SeleniumHQ/selenium/wiki/MicrosoftWebDriver. The latest version can be downloaded from http://go.microsoft.com/fwlink/?LinkId=619687
at com.google.common.base.Preconditions.checkState(Preconditions.java:847)
at org.openqa.selenium.remote.service.DriverService.findExecutable(DriverService.java:134)
at org.openqa.selenium.edge.EdgeDriverService.access$000(EdgeDriverService.java:37)
at org.openqa.selenium.edge.EdgeDriverService$Builder.findDefaultExecutable(EdgeDriverService.java:90)
at org.openqa.selenium.remote.service.DriverService$Builder.build(DriverService.java:355)
at org.openqa.selenium.edge.EdgeDriverService.createDefaultService(EdgeDriverService.java:70)
at org.openqa.selenium.edge.EdgeDriver.<init>(EdgeDriver.java:96)
at com.hrm.genriUtility.Base_Head_Class.configBC(Base_Head_Class.java:40)
at java.util.ArrayList.forEach(Unknown Source)
... Removed 25 stack frames]]>
    </failure>
  </testcase> <!-- @BeforeClass configBC -->
  <testcase name="@BeforeMethod configBM" time="-1.673508424237E9" classname="com.hrm.genriUtility.Base_Head_Class">
    <skipped/>
  </testcase> <!-- @BeforeMethod configBM -->
  <testcase name="@AfterMethod configAM" time="-1.673508424253E9" classname="com.hrm.genriUtility.Base_Head_Class">
    <skipped/>
  </testcase> <!-- @AfterMethod configAM -->
  <testcase name="@AfterClass configAC" time="-1.673508424253E9" classname="com.hrm.genriUtility.Base_Head_Class">
    <skipped/>
  </testcase> <!-- @AfterClass configAC -->
  <testcase name="CreatEmpHead" time="0.0" classname="Practice_TestNg.CreatEmpHeadTestNg">
    <skipped/>
  </testcase> <!-- CreatEmpHead -->
</testsuite> <!-- chrome -->
