<?xml version="1.0" encoding="UTF-8"?>
<!-- Generated by org.testng.reporters.JUnitXMLReporter -->
<testsuite hostname="DESKTOP-GDISGSQ" ignored="12" name="Test" tests="1" failures="0" timestamp="2023-01-12T11:21:42 IST" time="16.079" errors="0">
  <testcase name="createCorporate" time="4.368" classname="Practice_TestNg.CheckDasboard_Head_TestNg"/>
  <testcase name="check_Head_crp_Af_dashboard" time="0.0" classname="Practice_TestNg.CheckDasboard_Head_TestNg">
    <ignored/>
  </testcase> <!-- check_Head_crp_Af_dashboard -->
  <testcase name="check_dashboard" time="0.0" classname="Practice_TestNg.CheckDasboard_Head_TestNg">
    <ignored/>
  </testcase> <!-- check_dashboard -->
  <testcase name="check_Head_crp_Bf_dashboard" time="0.0" classname="Practice_TestNg.CheckDasboard_Head_TestNg">
    <ignored/>
  </testcase> <!-- check_Head_crp_Bf_dashboard -->
  <testcase name="createEmp_Head" time="0.0" classname="Practice_TestNg.CheckDasboard_Head_TestNg">
    <ignored/>
  </testcase> <!-- createEmp_Head -->
  <testcase name="createAdmin" time="0.0" classname="Practice_TestNg.CheckDasboard_Head_TestNg">
    <ignored/>
  </testcase> <!-- createAdmin -->
  <testcase name="check_Head_Admin_Bf_dashboard" time="0.0" classname="Practice_TestNg.CheckDasboard_Head_TestNg">
    <ignored/>
  </testcase> <!-- check_Head_Admin_Bf_dashboard -->
  <testcase name="check_Head_Emp_Bf_dashboard" time="0.0" classname="Practice_TestNg.CheckDasboard_Head_TestNg">
    <ignored/>
  </testcase> <!-- check_Head_Emp_Bf_dashboard -->
  <testcase name="createBranch" time="0.0" classname="Practice_TestNg.CheckDasboard_Head_TestNg">
    <ignored/>
  </testcase> <!-- createBranch -->
  <testcase name="check_Head_Admin_Af_dashboard" time="0.0" classname="Practice_TestNg.CheckDasboard_Head_TestNg">
    <ignored/>
  </testcase> <!-- check_Head_Admin_Af_dashboard -->
  <testcase name="check_Head_Emp_Af_dashboard" time="0.0" classname="Practice_TestNg.CheckDasboard_Head_TestNg">
    <ignored/>
  </testcase> <!-- check_Head_Emp_Af_dashboard -->
  <testcase name="check_Head_branch_Bf_dashboard" time="0.0" classname="Practice_TestNg.CheckDasboard_Head_TestNg">
    <ignored/>
  </testcase> <!-- check_Head_branch_Bf_dashboard -->
  <testcase name="check_Head_Branch_Af_dashboard" time="0.0" classname="Practice_TestNg.CheckDasboard_Head_TestNg">
    <ignored/>
  </testcase> <!-- check_Head_Branch_Af_dashboard -->
</testsuite> <!-- Test -->
